<?xml version="1.0" encoding="UTF-8"?>
<!-- Generated by org.testng.reporters.JUnitXMLReporter -->
<testsuite ignored="0" hostname="LTIN488147" failures="0" tests="5" name="chrome-Test" time="283.425" errors="0" timestamp="2024-04-06T12:40:16 IST">
  <testcase classname="testCase.TC_001_doctorsList" name="location" time="52.415"/>
  <testcase classname="testCase.TC_001_doctorsList" name="filters" time="26.726"/>
  <testcase classname="testCase.TC_001_doctorsList" name="docList" time="126.291"/>
  <testcase classname="testCase.TC_001_doctorsList" name="printSurgery" time="7.609"/>
  <testcase classname="testCase.TC_001_doctorsList" name="validMail" time="56.007"/>
</testsuite> <!-- chrome-Test -->
